<?xml version="1.0" encoding="utf-8"?><testsuites><testsuite name="pytest" errors="0" failures="0" skipped="0" tests="10" time="0.350" timestamp="2024-12-22T22:29:37.472686+00:00" hostname="DESKTOP-QBQUUCB"><testcase classname="matematica.tests" name="test_add" time="0.153" /><testcase classname="matematica.tests" name="test_subtract" time="0.001" /><testcase classname="matematica.tests" name="test_multiply" time="0.003" /><testcase classname="matematica.tests" name="test_divide" time="0.002" /><testcase classname="matematica.tests" name="test_power" time="0.002" /><testcase classname="matematica.tests" name="test_modulo" time="0.003" /><testcase classname="matematica.tests" name="test_square_root" time="0.003" /><testcase classname="matematica.tests" name="test_factorial" time="0.002" /><testcase classname="matematica.tests" name="test_logarithm" time="0.002" /><testcase classname="matematica.tests" name="test_validate_input" time="0.003" /></testsuite></testsuites>